build/intermediates/manifest_merge_blame_file/debug/manifest-merger-blame-debug-report.txt
1<?xml version="1.0" encoding="utf-8"?>
2<manifest xmlns:android="http://schemas.android.com/apk/res/android"
3    package="com.examples.opencar.geo"
4    android:versionCode="1"
5    android:versionName="1.0" >
6
7    <uses-sdk
8        android:minSdkVersion="21"
8-->src\main\AndroidManifest.xml
9        android:targetSdkVersion="26" />
9-->src\main\AndroidManifest.xml
10    <!--
11     <uses-sdk
12        android:minSdkVersion="16"
13        android:targetSdkVersion="16" />
14    -->
15    <uses-feature
15-->src\main\AndroidManifest.xml:10:5-12:35
16        android:glEsVersion="0x00020000"
16-->src\main\AndroidManifest.xml:11:9-41
17        android:required="true" />
17-->src\main\AndroidManifest.xml:12:9-32
18
19    <uses-permission android:name="android.permission.INTERNET" />
19-->src\main\AndroidManifest.xml:14:5-67
19-->src\main\AndroidManifest.xml:14:22-64
20    <uses-permission android:name="android.permission.ACCESS_NETWORK_STATE" />
20-->src\main\AndroidManifest.xml:15:5-79
20-->src\main\AndroidManifest.xml:15:22-76
21    <uses-permission android:name="com.google.android.providers.gsf.permission.READ_GSERVICES" />
21-->src\main\AndroidManifest.xml:16:5-98
21-->src\main\AndroidManifest.xml:16:22-95
22    <uses-permission android:name="android.permission.WRITE_EXTERNAL_STORAGE" />
22-->src\main\AndroidManifest.xml:17:5-81
22-->src\main\AndroidManifest.xml:17:22-78
23    <uses-permission android:name="android.permission.ACCESS_COARSE_LOCATION" />
23-->src\main\AndroidManifest.xml:18:5-81
23-->src\main\AndroidManifest.xml:18:22-78
24    <uses-permission android:name="android.permission.ACCESS_FINE_LOCATION" />
24-->src\main\AndroidManifest.xml:19:5-79
24-->src\main\AndroidManifest.xml:19:22-76
25
26    <permission
26-->src\main\AndroidManifest.xml:21:5-23:47
27        android:name="com.examples.opencar.geo.permission.MAPS_RECEIVE"
27-->src\main\AndroidManifest.xml:22:9-72
28        android:protectionLevel="signature" />
28-->src\main\AndroidManifest.xml:23:9-44
29
30    <uses-permission
30-->src\main\AndroidManifest.xml:25:5-27:36
31        android:name="com.examples.opencar.geo.permission.MAPS_RECEIVE"
31-->src\main\AndroidManifest.xml:26:9-72
32        android:required="false" />
32-->src\main\AndroidManifest.xml:27:9-33
33
34    <application
34-->src\main\AndroidManifest.xml:29:5-63:19
35        android:appComponentFactory="androidx.core.app.CoreComponentFactory"
35-->[androidx.core:core:1.0.0] AndroidManifest.xml:22:18-86
36        android:debuggable="true"
37        android:label="@string/app_name"
37-->src\main\AndroidManifest.xml:30:9-41
38        android:testOnly="true"
39        android:theme="@style/Theme.AppCompat.NoActionBar" >
39-->src\main\AndroidManifest.xml:31:9-59
40        <activity android:name="com.examples.opencar.geo.RentActivity" />
40-->src\main\AndroidManifest.xml:32:9-59
40-->src\main\AndroidManifest.xml:32:19-47
41        <activity android:name="com.examples.opencar.geo.SuccessTokenizeActivity" />
41-->src\main\AndroidManifest.xml:33:9-61
41-->src\main\AndroidManifest.xml:33:19-58
42        <activity android:name="com.examples.opencar.geo.ValletActivity" />
42-->src\main\AndroidManifest.xml:34:9-52
42-->src\main\AndroidManifest.xml:34:19-49
43        <activity android:name="com.examples.opencar.geo.userDataActivity" />
43-->src\main\AndroidManifest.xml:35:9-54
43-->src\main\AndroidManifest.xml:35:19-51
44        <activity android:name="com.examples.opencar.geo.ReserveActivity" />
44-->src\main\AndroidManifest.xml:36:9-53
44-->src\main\AndroidManifest.xml:36:19-50
45
46        <meta-data
46-->src\main\AndroidManifest.xml:38:9-40:69
47            android:name="com.google.android.gms.version"
47-->src\main\AndroidManifest.xml:39:13-58
48            android:value="@integer/google_play_services_version" />
48-->src\main\AndroidManifest.xml:40:13-66
49
50        <activity android:name="com.examples.opencar.geo.MainLogin" >
50-->src\main\AndroidManifest.xml:42:9-48:20
50-->src\main\AndroidManifest.xml:42:19-44
51            <intent-filter>
51-->src\main\AndroidManifest.xml:43:13-47:29
52                <action android:name="android.intent.action.MAIN" />
52-->src\main\AndroidManifest.xml:44:17-69
52-->src\main\AndroidManifest.xml:44:25-66
53
54                <category android:name="android.intent.category.LAUNCHER" />
54-->src\main\AndroidManifest.xml:46:17-77
54-->src\main\AndroidManifest.xml:46:27-74
55            </intent-filter>
56        </activity>
57        <activity android:name="com.examples.opencar.geo.MapShowActivity" />
57-->src\main\AndroidManifest.xml:49:9-53
57-->src\main\AndroidManifest.xml:49:19-50
58        <activity android:name="com.examples.opencar.geo.QueryEditActivity" />
58-->src\main\AndroidManifest.xml:50:9-55
58-->src\main\AndroidManifest.xml:50:19-52
59        <activity android:name="com.examples.opencar.geo.ShowGeoPointsTextActivity" />
59-->src\main\AndroidManifest.xml:51:9-63
59-->src\main\AndroidManifest.xml:51:19-60
60        <activity android:name="com.examples.opencar.geo.FilterActivity" />
60-->src\main\AndroidManifest.xml:52:9-52
60-->src\main\AndroidManifest.xml:52:19-49
61        <activity android:name="com.examples.opencar.geo.GeoCategoriesListActivity" />
61-->src\main\AndroidManifest.xml:53:9-63
61-->src\main\AndroidManifest.xml:53:19-60
62        <activity android:name="com.examples.opencar.geo.RestorePasswordActivity" />
62-->src\main\AndroidManifest.xml:54:9-61
62-->src\main\AndroidManifest.xml:54:19-58
63        <activity android:name="com.examples.opencar.geo.RegisterActivity" />
63-->src\main\AndroidManifest.xml:55:9-54
63-->src\main\AndroidManifest.xml:55:19-51
64        <activity android:name="com.examples.opencar.geo.LoginResult" />
64-->src\main\AndroidManifest.xml:56:9-49
64-->src\main\AndroidManifest.xml:56:19-46
65
66        <service android:name="com.backendless.AndroidService" />
66-->src\main\AndroidManifest.xml:58:9-66
66-->src\main\AndroidManifest.xml:58:18-63
67
68        <meta-data
68-->src\main\AndroidManifest.xml:60:9-62:71
69            android:name="com.google.android.geo.API_KEY"
69-->src\main\AndroidManifest.xml:61:13-58
70            android:value="AIzaSyBxPHRqrxgDP0qoKpLStPNtLp_Otl3r6JY" />
70-->src\main\AndroidManifest.xml:62:13-68
71
72        <activity
72-->[com.yandex.money:checkout:3.0.2] AndroidManifest.xml:35:9-37:47
73            android:name="ru.yandex.money.android.sdk.utils.WebViewActivity"
73-->[com.yandex.money:checkout:3.0.2] AndroidManifest.xml:36:13-77
74            android:theme="@style/ym_Theme" />
74-->[com.yandex.money:checkout:3.0.2] AndroidManifest.xml:37:13-44
75        <activity
75-->[com.yandex.money:checkout:3.0.2] AndroidManifest.xml:38:9-40:59
76            android:name="ru.yandex.money.android.sdk.impl.PendingIntentActivity"
76-->[com.yandex.money:checkout:3.0.2] AndroidManifest.xml:39:13-82
77            android:theme="@style/ym_Theme.Translucent" />
77-->[com.yandex.money:checkout:3.0.2] AndroidManifest.xml:40:13-56
78        <activity
78-->[com.yandex.money:checkout:3.0.2] AndroidManifest.xml:41:9-43:59
79            android:name="ru.yandex.money.android.sdk.impl.CheckoutActivity"
79-->[com.yandex.money:checkout:3.0.2] AndroidManifest.xml:42:13-77
80            android:theme="@style/ym_Theme.Translucent" />
80-->[com.yandex.money:checkout:3.0.2] AndroidManifest.xml:43:13-56
81        <activity
81-->[com.yandex.money:checkout:3.0.2] AndroidManifest.xml:44:9-46:47
82            android:name="ru.yandex.money.android.sdk.impl.contract.SavePaymentMethodInfoActivity"
82-->[com.yandex.money:checkout:3.0.2] AndroidManifest.xml:45:13-99
83            android:theme="@style/ym_Theme" />
83-->[com.yandex.money:checkout:3.0.2] AndroidManifest.xml:46:13-44
84
85        <meta-data
85-->[com.yandex.money:checkout:3.0.2] AndroidManifest.xml:48:9-50:36
86            android:name="com.google.android.gms.wallet.api.enabled"
86-->[com.yandex.money:checkout:3.0.2] AndroidManifest.xml:49:13-69
87            android:value="true" /> <!-- Needs to be explicitly declared on P+ -->
87-->[com.yandex.money:checkout:3.0.2] AndroidManifest.xml:50:13-33
88        <uses-library
88-->[com.google.android.gms:play-services-maps:17.0.0] AndroidManifest.xml:33:9-35:40
89            android:name="org.apache.http.legacy"
89-->[com.google.android.gms:play-services-maps:17.0.0] AndroidManifest.xml:34:13-50
90            android:required="false" />
90-->[com.google.android.gms:play-services-maps:17.0.0] AndroidManifest.xml:35:13-37
91
92        <activity
92-->[com.google.android.gms:play-services-base:17.0.0] AndroidManifest.xml:23:9-26:75
93            android:name="com.google.android.gms.common.api.GoogleApiActivity"
93-->[com.google.android.gms:play-services-base:17.0.0] AndroidManifest.xml:24:13-79
94            android:exported="false"
94-->[com.google.android.gms:play-services-base:17.0.0] AndroidManifest.xml:25:13-37
95            android:theme="@android:style/Theme.Translucent.NoTitleBar" />
95-->[com.google.android.gms:play-services-base:17.0.0] AndroidManifest.xml:26:13-72
96        <activity
96-->[com.yandex.android:authsdk:2.1.1] AndroidManifest.xml:13:9-16:64
97            android:name="com.yandex.authsdk.internal.AuthSdkActivity"
97-->[com.yandex.android:authsdk:2.1.1] AndroidManifest.xml:14:13-71
98            android:label=""
98-->[com.yandex.android:authsdk:2.1.1] AndroidManifest.xml:15:13-29
99            android:theme="@style/Theme.AuthSdk.Transparent" />
99-->[com.yandex.android:authsdk:2.1.1] AndroidManifest.xml:16:13-61
100        <activity
100-->[com.yandex.android:authsdk:2.1.1] AndroidManifest.xml:17:9-19:46
101            android:name="com.yandex.authsdk.internal.BrowserLoginActivity"
101-->[com.yandex.android:authsdk:2.1.1] AndroidManifest.xml:18:13-76
102            android:launchMode="singleTop" />
102-->[com.yandex.android:authsdk:2.1.1] AndroidManifest.xml:19:13-43
103        <activity
103-->[com.yandex.android:authsdk:2.1.1] AndroidManifest.xml:20:9-23:52
104            android:name="com.yandex.authsdk.internal.WebViewLoginActivity"
104-->[com.yandex.android:authsdk:2.1.1] AndroidManifest.xml:21:13-76
105            android:configChanges="keyboard|keyboardHidden|orientation|screenSize"
105-->[com.yandex.android:authsdk:2.1.1] AndroidManifest.xml:22:13-83
106            android:theme="@style/Theme.AuthSdk" />
106-->[com.yandex.android:authsdk:2.1.1] AndroidManifest.xml:23:13-49
107        <activity
107-->[com.yandex.android:authsdk:2.1.1] AndroidManifest.xml:24:9-49:20
108            android:name="com.yandex.authsdk.internal.BrowserDataActivity"
108-->[com.yandex.android:authsdk:2.1.1] AndroidManifest.xml:25:13-75
109            android:theme="@style/Theme.AuthSdk.Transparent" >
109-->[com.yandex.android:authsdk:2.1.1] AndroidManifest.xml:26:13-61
110            <intent-filter android:autoVerify="true" >
110-->[com.yandex.android:authsdk:2.1.1] AndroidManifest.xml:27:13-37:29
110-->[com.yandex.android:authsdk:2.1.1] AndroidManifest.xml:27:28-53
111                <action android:name="android.intent.action.VIEW" />
111-->[com.yandex.android:authsdk:2.1.1] AndroidManifest.xml:28:17-69
111-->[com.yandex.android:authsdk:2.1.1] AndroidManifest.xml:28:25-66
112
113                <category android:name="android.intent.category.DEFAULT" />
113-->[com.yandex.android:authsdk:2.1.1] AndroidManifest.xml:30:17-76
113-->[com.yandex.android:authsdk:2.1.1] AndroidManifest.xml:30:27-73
114                <category android:name="android.intent.category.BROWSABLE" />
114-->[com.yandex.android:authsdk:2.1.1] AndroidManifest.xml:31:17-78
114-->[com.yandex.android:authsdk:2.1.1] AndroidManifest.xml:31:27-75
115
116                <data
116-->[com.yandex.android:authsdk:2.1.1] AndroidManifest.xml:33:17-36:46
117                    android:host="yxваш id приложения в Яндекс.Паспорте.oauth.yandex.ru"
117-->[com.yandex.android:authsdk:2.1.1] AndroidManifest.xml:34:21-73
118                    android:path="/auth/finish"
118-->[com.yandex.android:authsdk:2.1.1] AndroidManifest.xml:35:21-48
119                    android:scheme="https" />
119-->[com.yandex.android:authsdk:2.1.1] AndroidManifest.xml:36:21-43
120            </intent-filter>
121            <intent-filter>
121-->[com.yandex.android:authsdk:2.1.1] AndroidManifest.xml:38:13-48:29
122                <action android:name="android.intent.action.VIEW" />
122-->[com.yandex.android:authsdk:2.1.1] AndroidManifest.xml:28:17-69
122-->[com.yandex.android:authsdk:2.1.1] AndroidManifest.xml:28:25-66
123
124                <category android:name="android.intent.category.DEFAULT" />
124-->[com.yandex.android:authsdk:2.1.1] AndroidManifest.xml:30:17-76
124-->[com.yandex.android:authsdk:2.1.1] AndroidManifest.xml:30:27-73
125                <category android:name="android.intent.category.BROWSABLE" />
125-->[com.yandex.android:authsdk:2.1.1] AndroidManifest.xml:31:17-78
125-->[com.yandex.android:authsdk:2.1.1] AndroidManifest.xml:31:27-75
126
127                <data
127-->[com.yandex.android:authsdk:2.1.1] AndroidManifest.xml:33:17-36:46
128                    android:path="/auth/finish"
128-->[com.yandex.android:authsdk:2.1.1] AndroidManifest.xml:35:21-48
129                    android:scheme="yxваш id приложения в Яндекс.Паспорте" />
129-->[com.yandex.android:authsdk:2.1.1] AndroidManifest.xml:36:21-43
130            </intent-filter>
131        </activity>
132
133        <meta-data
133-->[com.yandex.android:authsdk:2.1.1] AndroidManifest.xml:51:9-53:51
134            android:name="com.yandex.auth.CLIENT_ID"
134-->[com.yandex.android:authsdk:2.1.1] AndroidManifest.xml:52:13-53
135            android:value="ваш id приложения в Яндекс.Паспорте" />
135-->[com.yandex.android:authsdk:2.1.1] AndroidManifest.xml:53:13-48
136        <meta-data
136-->[com.yandex.android:authsdk:2.1.1] AndroidManifest.xml:54:9-56:47
137            android:name="com.yandex.auth.OAUTH_HOST"
137-->[com.yandex.android:authsdk:2.1.1] AndroidManifest.xml:55:13-54
138            android:value="oauth.yandex.ru" /> <!-- Yandex Mobile Metrica Analytics: common service -->
138-->[com.yandex.android:authsdk:2.1.1] AndroidManifest.xml:56:13-44
139        <service
139-->[com.yandex.android:mobmetricalib:3.5.1] AndroidManifest.xml:26:9-43:19
140            android:name="com.yandex.metrica.MetricaService"
140-->[com.yandex.android:mobmetricalib:3.5.1] AndroidManifest.xml:27:13-61
141            android:enabled="true"
141-->[com.yandex.android:mobmetricalib:3.5.1] AndroidManifest.xml:28:13-35
142            android:exported="true"
142-->[com.yandex.android:mobmetricalib:3.5.1] AndroidManifest.xml:29:13-36
143            android:process=":Metrica" >
143-->[com.yandex.android:mobmetricalib:3.5.1] AndroidManifest.xml:30:13-39
144            <intent-filter>
144-->[com.yandex.android:mobmetricalib:3.5.1] AndroidManifest.xml:32:13-38:29
145                <category android:name="android.intent.category.DEFAULT" />
145-->[com.yandex.android:authsdk:2.1.1] AndroidManifest.xml:30:17-76
145-->[com.yandex.android:authsdk:2.1.1] AndroidManifest.xml:30:27-73
146
147                <action android:name="com.yandex.metrica.IMetricaService" />
147-->[com.yandex.android:mobmetricalib:3.5.1] AndroidManifest.xml:35:17-77
147-->[com.yandex.android:mobmetricalib:3.5.1] AndroidManifest.xml:35:25-74
148
149                <data android:scheme="metrica" />
149-->[com.yandex.android:authsdk:2.1.1] AndroidManifest.xml:33:17-36:46
149-->[com.yandex.android:authsdk:2.1.1] AndroidManifest.xml:36:21-43
150            </intent-filter>
151
152            <meta-data
152-->[com.yandex.android:mobmetricalib:3.5.1] AndroidManifest.xml:40:13-42:38
153                android:name="metrica:api:level"
153-->[com.yandex.android:mobmetricalib:3.5.1] AndroidManifest.xml:41:17-49
154                android:value="74" />
154-->[com.yandex.android:mobmetricalib:3.5.1] AndroidManifest.xml:42:17-35
155        </service>
156        <service
156-->[com.yandex.android:mobmetricalib:3.5.1] AndroidManifest.xml:44:9-60:19
157            android:name="com.yandex.metrica.ConfigurationService"
157-->[com.yandex.android:mobmetricalib:3.5.1] AndroidManifest.xml:45:13-67
158            android:enabled="true"
158-->[com.yandex.android:mobmetricalib:3.5.1] AndroidManifest.xml:46:13-35
159            android:exported="false"
159-->[com.yandex.android:mobmetricalib:3.5.1] AndroidManifest.xml:47:13-37
160            android:process=":Metrica" >
160-->[com.yandex.android:mobmetricalib:3.5.1] AndroidManifest.xml:48:13-39
161            <meta-data
161-->[com.yandex.android:mobmetricalib:3.5.1] AndroidManifest.xml:50:13-52:37
162                android:name="metrica:configuration:api:level"
162-->[com.yandex.android:mobmetricalib:3.5.1] AndroidManifest.xml:51:17-63
163                android:value="3" />
163-->[com.yandex.android:mobmetricalib:3.5.1] AndroidManifest.xml:52:17-34
164
165            <intent-filter>
165-->[com.yandex.android:mobmetricalib:3.5.1] AndroidManifest.xml:54:13-59:29
166
167                <!-- This action was used by old background location collecting and should not be used again -->
168                <!-- <action android:name="com.yandex.metrica.configuration.ACTION_START"/> -->
169                <action android:name="com.yandex.metrica.configuration.ACTION_INIT" />
169-->[com.yandex.android:mobmetricalib:3.5.1] AndroidManifest.xml:58:17-87
169-->[com.yandex.android:mobmetricalib:3.5.1] AndroidManifest.xml:58:25-84
170            </intent-filter>
171        </service>
172        <service
172-->[com.yandex.android:mobmetricalib:3.5.1] AndroidManifest.xml:61:9-67:19
173            android:name="com.yandex.metrica.ConfigurationJobService"
173-->[com.yandex.android:mobmetricalib:3.5.1] AndroidManifest.xml:62:13-70
174            android:enabled="true"
174-->[com.yandex.android:mobmetricalib:3.5.1] AndroidManifest.xml:63:13-35
175            android:exported="false"
175-->[com.yandex.android:mobmetricalib:3.5.1] AndroidManifest.xml:64:13-37
176            android:permission="android.permission.BIND_JOB_SERVICE"
176-->[com.yandex.android:mobmetricalib:3.5.1] AndroidManifest.xml:65:13-69
177            android:process=":Metrica" >
177-->[com.yandex.android:mobmetricalib:3.5.1] AndroidManifest.xml:66:13-39
178        </service> <!-- Yandex Mobile Metrica Analytics: main receiver -->
179        <receiver
179-->[com.yandex.android:mobmetricalib:3.5.1] AndroidManifest.xml:70:9-78:20
180            android:name="com.yandex.metrica.MetricaEventHandler"
180-->[com.yandex.android:mobmetricalib:3.5.1] AndroidManifest.xml:71:13-66
181            android:enabled="true"
181-->[com.yandex.android:mobmetricalib:3.5.1] AndroidManifest.xml:72:13-35
182            android:exported="true" >
182-->[com.yandex.android:mobmetricalib:3.5.1] AndroidManifest.xml:73:13-36
183            <intent-filter>
183-->[com.yandex.android:mobmetricalib:3.5.1] AndroidManifest.xml:75:13-77:29
184                <action android:name="com.android.vending.INSTALL_REFERRER" />
184-->[com.yandex.android:mobmetricalib:3.5.1] AndroidManifest.xml:76:17-79
184-->[com.yandex.android:mobmetricalib:3.5.1] AndroidManifest.xml:76:25-76
185            </intent-filter>
186        </receiver>
187    </application>
188
189</manifest>